[   0.000000] Initializing cgroup subsys cpuset
[    0.000000] Initializing cgroup subsys cpu
[    0.000000] Initializing cgroup subsys cpuacct
[    0.000000] Linux version 4.4.0-210-generic (buildd@lgw01-amd64-009) (gcc version 5.4.0 20160609 (Ubuntu 5.4.0-6ubuntu1~16.04.12) ) #242-Ubuntu SMP Fri Apr 16 09:57:56 UTC 2021 (Ubuntu 4.4.0-210.242-generic 4.4.262)
[    0.000000] Command line: BOOT_IMAGE=/boot/vmlinuz-4.4.0-210-generic root=LABEL=cloudimg-rootfs ro console=tty1 console=ttyS0
[    0.000000] KERNEL supported cpus:
[    0.000000]   Intel GenuineIntel
[    0.000000]   AMD AuthenticAMD
[    0.000000]   Centaur CentaurHauls
[    0.000000] x86/fpu: xstate_offset[2]:  576, xstate_sizes[2]:  256
[    0.000000] x86/fpu: Supporting XSAVE feature 0x01: 'x87 floating point registers'
[    0.000000] x86/fpu: Supporting XSAVE feature 0x02: 'SSE registers'
[    0.000000] x86/fpu: Supporting XSAVE feature 0x04: 'AVX registers'
[    0.000000] x86/fpu: Enabled xstate features 0x7, context size is 832 bytes, using 'standard' format.
[    0.000000] e820: BIOS-provided physical RAM map:
[    0.000000] BIOS-e820: [mem 0x0000000000000000-0x000000000009fbff] usable
[    0.000000] BIOS-e820: [mem 0x000000000009fc00-0x000000000009ffff] reserved
[    0.000000] BIOS-e820: [mem 0x00000000000f0000-0x00000000000fffff] reserved
[    0.000000] BIOS-e820: [mem 0x0000000000100000-0x000000003ffeffff] usable
[    0.000000] BIOS-e820: [mem 0x000000003fff0000-0x000000003fffffff] ACPI data
[    0.000000] BIOS-e820: [mem 0x00000000fec00000-0x00000000fec00fff] reserved
[    0.000000] BIOS-e820: [mem 0x00000000fee00000-0x00000000fee00fff] reserved
[    0.000000] BIOS-e820: [mem 0x00000000fffc0000-0x00000000ffffffff] reserved
[    0.000000] NX (Execute Disable) protection: active
[    0.000000] SMBIOS 2.5 present.
[    0.000000] Hypervisor detected: KVM
[    0.000000] e820: last_pfn = 0x3fff0 max_arch_pfn = 0x400000000
[    0.000000] MTRR: Disabled
[    0.000000] x86/PAT: MTRRs disabled, skipping PAT initialization too.
[    0.000000] CPU MTRRs all blank - virtualized system.
[    0.000000] x86/PAT: Configuration [0-7]: WB  WT  UC- UC  WB  WT  UC- UC  
[    0.000000] found SMP MP-table at [mem 0x0009fff0-0x0009ffff] mapped at [ffff88000009fff0]
[    0.000000] Scanning 1 areas for low memory corruption
[    0.000000] RAMDISK: [mem 0x362dc000-0x37165fff]
[    0.000000] ACPI: Early table checksum verification disabled
[    0.000000] ACPI: RSDP 0x00000000000E0000 000024 (v02 VBOX  )
[    0.000000] ACPI: XSDT 0x000000003FFF0030 00003C (v01 VBOX   VBOXXSDT 00000001 ASL  00000061)
[    0.000000] ACPI: FACP 0x000000003FFF00F0 0000F4 (v04 VBOX   VBOXFACP 00000001 ASL  00000061)
[    0.000000] ACPI: DSDT 0x000000003FFF0470 002325 (v02 VBOX   VBOXBIOS 00000002 INTL 20120111)
[    0.000000] ACPI: FACS 0x000000003FFF0200 000040
[    0.000000] ACPI: FACS 0x000000003FFF0200 000040
[    0.000000] ACPI: APIC 0x000000003FFF0240 00005C (v02 VBOX   VBOXAPIC 00000001 ASL  00000061)
[    0.000000] ACPI: SSDT 0x000000003FFF02A0 0001CC (v01 VBOX   VBOXCPUT 00000002 INTL 20120111)
[    0.000000] No NUMA configuration found
[    0.000000] Faking a node at [mem 0x0000000000000000-0x000000003ffeffff]
[    0.000000] NODE_DATA(0) allocated [mem 0x3ffeb000-0x3ffeffff]
[    0.000000] kvm-clock: Using msrs 4b564d01 and 4b564d00
[    0.000000] kvm-clock: cpu 0, msr 0:3ffe3001, primary cpu clock
[    0.000000] kvm-clock: using sched offset of 4503519833 cycles
[    0.000000] clocksource: kvm-clock: mask: 0xffffffffffffffff max_cycles: 0x1cd42e4dffb, max_idle_ns: 881590591483 ns
[    0.000000] Zone ranges:
[    0.000000]   DMA      [mem 0x0000000000001000-0x0000000000ffffff]
[    0.000000]   DMA32    [mem 0x0000000001000000-0x000000003ffeffff]
[    0.000000]   Normal   empty
[    0.000000]   Device   empty
[    0.000000] Movable zone start for each node
[    0.000000] Early memory node ranges
[    0.000000]   node   0: [mem 0x0000000000001000-0x000000000009efff]
[    0.000000]   node   0: [mem 0x0000000000100000-0x000000003ffeffff]
[    0.000000] Initmem setup node 0 [mem 0x0000000000001000-0x000000003ffeffff]
[    0.000000] ACPI: PM-Timer IO Port: 0x4008
[    0.000000] IOAPIC[0]: apic_id 2, version 32, address 0xfec00000, GSI 0-23
[    0.000000] ACPI: INT_SRC_OVR (bus 0 bus_irq 0 global_irq 2 dfl dfl)
[    0.000000] ACPI: INT_SRC_OVR (bus 0 bus_irq 9 global_irq 9 low level)
[    0.000000] Using ACPI (MADT) for SMP configuration information
[    0.000000] smpboot: Allowing 2 CPUs, 0 hotplug CPUs
[    0.000000] PM: Registered nosave memory: [mem 0x00000000-0x00000fff]
[    0.000000] PM: Registered nosave memory: [mem 0x0009f000-0x0009ffff]
[    0.000000] PM: Registered nosave memory: [mem 0x000a0000-0x000effff]
[    0.000000] PM: Registered nosave memory: [mem 0x000f0000-0x000fffff]
[    0.000000] e820: [mem 0x40000000-0xfebfffff] available for PCI devices
[    0.000000] Booting paravirtualized kernel on KVM
[    0.000000] clocksource: refined-jiffies: mask: 0xffffffff max_cycles: 0xffffffff, max_idle_ns: 7645519600211568 ns
[    0.000000] setup_percpu: NR_CPUS:512 nr_cpumask_bits:512 nr_cpu_ids:2 nr_node_ids:1
[    0.000000] PERCPU: Embedded 33 pages/cpu @ffff88003fc00000 s95192 r8192 d31784 u1048576
[    0.000000] Built 1 zonelists in Node order, mobility grouping on.  Total pages: 257912
[    0.000000] Policy zone: DMA32
[    0.000000] Kernel command line: BOOT_IMAGE=/boot/vmlinuz-4.4.0-210-generic root=LABEL=cloudimg-rootfs ro console=tty1 console=ttyS0
[    0.000000] PID hash table entries: 4096 (order: 3, 32768 bytes)
[    0.000000] Memory: 997792K/1048120K available (8644K kernel code, 1332K rwdata, 4044K rodata, 1492K init, 1164K bss, 50328K reserved, 0K cma-reserved)
[    0.000000] SLUB: HWalign=64, Order=0-3, MinObjects=0, CPUs=2, Nodes=1
[    0.000000] Kernel/User page tables isolation: enabled
[    0.000000] Hierarchical RCU implementation.
[    0.000000] 	Build-time adjustment of leaf fanout to 64.
[    0.000000] 	RCU restricting CPUs from NR_CPUS=512 to nr_cpu_ids=2.
[    0.000000] RCU: Adjusting geometry for rcu_fanout_leaf=64, nr_cpu_ids=2
[    0.000000] NR_IRQS:33024 nr_irqs:440 16
[    0.000000] Console: colour VGA+ 80x25
[    0.000000] console [tty1] enabled
[    0.000000] console [ttyS0] enabled
[    0.000000] tsc: Detected 2793.532 MHz processor
[    0.207299] Calibrating delay loop (skipped) preset value.. 5587.06 BogoMIPS (lpj=11174128)
[    0.209763] pid_max: default: 32768 minimum: 301
[    0.211045] ACPI: Core revision 20150930
[    0.214284] ACPI: 2 ACPI AML tables successfully acquired and loaded
[    0.216169] Security Framework initialized
[    0.217482] Yama: becoming mindful.
[    0.218764] AppArmor: AppArmor initialized
[    0.220161] Dentry cache hash table entries: 131072 (order: 8, 1048576 bytes)
[    0.223254] Inode-cache hash table entries: 65536 (order: 7, 524288 bytes)
[    0.224965] Mount-cache hash table entries: 2048 (order: 2, 16384 bytes)
[    0.226577] Mountpoint-cache hash table entries: 2048 (order: 2, 16384 bytes)
[    0.228488] Initializing cgroup subsys io
[    0.229680] Initializing cgroup subsys memory
[    0.232171] Initializing cgroup subsys devices
[    0.233591] Initializing cgroup subsys freezer
[    0.236204] Initializing cgroup subsys net_cls
[    0.237928] Initializing cgroup subsys perf_event
[    0.240735] Initializing cgroup subsys net_prio
[    0.241987] Initializing cgroup subsys hugetlb
[    0.243700] Initializing cgroup subsys pids
[    0.252697] mce: CPU supports 0 MCE banks
[    0.254026] Last level iTLB entries: 4KB 128, 2MB 8, 4MB 8
[    0.257656] Last level dTLB entries: 4KB 64, 2MB 0, 4MB 0, 1GB 4
[    0.261933] Spectre V1 : Mitigation: usercopy/swapgs barriers and __user pointer sanitization
[    0.266710] Spectre V2 : Mitigation: Full generic retpoline
[    0.268528] Spectre V2 : Spectre v2 / SpectreRSB mitigation: Filling RSB on context switch
[    0.271083] Speculative Store Bypass: Vulnerable
[    0.272501] SRBDS: Unknown: Dependent on hypervisor status
[    0.274092] MDS: Mitigation: Clear CPU buffers
[    0.279064] Freeing SMP alternatives memory: 36K
[    0.287330] ftrace: allocating 32380 entries in 127 pages
[    0.345533] smpboot: APIC(0) Converting physical 0 to logical package 0
[    0.348391] smpboot: Max logical packages: 1
[    0.349825] x2apic enabled
[    0.351048] Switched APIC routing to physical x2apic.
[    0.353402] ..TIMER: vector=0x30 apic1=0 pin1=2 apic2=-1 pin2=-1
[    0.463013] smpboot: CPU0: Intel(R) Core(TM) i5-5575R CPU @ 2.80GHz (family: 0x6, model: 0x47, stepping: 0x1)
[    0.466394] Performance Events: unsupported p6 CPU model 71 no PMU driver, software events only.
[    0.479742] KVM setup paravirtual spinlock
[    0.482241] x86: Booting SMP configuration:
[    0.483931] .... node  #0, CPUs:      #1
[    0.485255] kvm-clock: cpu 1, msr 0:3ffe3041, secondary cpu clock
[    0.494838] mce: CPU supports 0 MCE banks
[    0.498092] x86: Booted up 1 node, 2 CPUs
[    0.499661] smpboot: Total of 2 processors activated (11174.12 BogoMIPS)
[    0.501865] devtmpfs: initialized
[    0.504458] evm: security.selinux
[    0.506176] evm: security.SMACK64
[    0.507347] evm: security.SMACK64EXEC
[    0.509436] evm: security.SMACK64TRANSMUTE
[    0.510675] evm: security.SMACK64MMAP
[    0.511953] evm: security.ima
[    0.513295] evm: security.capability
[    0.514539] clocksource: jiffies: mask: 0xffffffff max_cycles: 0xffffffff, max_idle_ns: 7645041785100000 ns
[    0.517913] futex hash table entries: 512 (order: 3, 32768 bytes)
[    0.519630] pinctrl core: initialized pinctrl subsystem
[    0.521126] RTC time: 17:39:58, date: 10/28/21
[    0.522534] NET: Registered protocol family 16
[    0.532248] cpuidle: using governor ladder
[    0.545001] cpuidle: using governor menu
[    0.546408] PCCT header not found.
[    0.548176] ACPI: bus type PCI registered
[    0.549860] acpiphp: ACPI Hot Plug PCI Controller Driver version: 0.5
[    0.551966] PCI: Using configuration type 1 for base access
[    0.565616] ACPI: Added _OSI(Module Device)
[    0.566878] ACPI: Added _OSI(Processor Device)
[    0.568045] ACPI: Added _OSI(3.0 _SCP Extensions)
[    0.569265] ACPI: Added _OSI(Processor Aggregator Device)
[    0.571393] ACPI: Executed 1 blocks of module-level executable AML code
[    0.575327] ACPI: Interpreter enabled
[    0.576839] ACPI: (supports S0 S5)
[    0.577867] ACPI: Using IOAPIC for interrupt routing
[    0.579600] PCI: Using host bridge windows from ACPI; if necessary, use "pci=nocrs" and report a bug
[    0.586711] ACPI: PCI Root Bridge [PCI0] (domain 0000 [bus 00-ff])
[    0.588771] acpi PNP0A03:00: _OSC: OS supports [ASPM ClockPM Segments MSI]
[    0.590701] acpi PNP0A03:00: _OSC: not requesting OS control; OS requires [ExtendedConfig ASPM ClockPM MSI]
[    0.593175] acpi PNP0A03:00: fail to add MMCONFIG information, can't access extended PCI configuration space under this bridge.
[    0.596769] PCI host bridge to bus 0000:00
[    0.598036] pci_bus 0000:00: root bus resource [io  0x0000-0x0cf7 window]
[    0.600051] pci_bus 0000:00: root bus resource [io  0x0d00-0xffff window]
[    0.602222] pci_bus 0000:00: root bus resource [mem 0x000a0000-0x000bffff window]
[    0.604207] pci_bus 0000:00: root bus resource [mem 0x40000000-0xfdffffff window]
[    0.606194] pci_bus 0000:00: root bus resource [bus 00-ff]
[    0.610614] pci 0000:00:01.1: legacy IDE quirk: reg 0x10: [io  0x01f0-0x01f7]
[    0.612549] pci 0000:00:01.1: legacy IDE quirk: reg 0x14: [io  0x03f6]
[    0.614289] pci 0000:00:01.1: legacy IDE quirk: reg 0x18: [io  0x0170-0x0177]
[    0.625876] pci 0000:00:01.1: legacy IDE quirk: reg 0x1c: [io  0x0376]
[    0.645859] pci 0000:00:07.0: quirk: [io  0x4000-0x403f] claimed by PIIX4 ACPI
[    0.648938] pci 0000:00:07.0: quirk: [io  0x4100-0x410f] claimed by PIIX4 SMB
[    0.661744] ACPI: PCI Interrupt Link [LNKA] (IRQs 5 9 10 *11)
[    0.664421] ACPI: PCI Interrupt Link [LNKB] (IRQs 5 9 *10 11)
[    0.666772] ACPI: PCI Interrupt Link [LNKC] (IRQs 5 *9 10 11)
[    0.668694] ACPI: PCI Interrupt Link [LNKD] (IRQs 5 9 10 *11)
[    0.670632] ACPI: Enabled 2 GPEs in block 00 to 07
[    0.672293] vgaarb: setting as boot device: PCI:0000:00:02.0
[    0.673837] vgaarb: device added: PCI:0000:00:02.0,decodes=io+mem,owns=io+mem,locks=none
[    0.675945] vgaarb: loaded
[    0.677009] vgaarb: bridge control possible 0000:00:02.0
[    0.678972] SCSI subsystem initialized
[    0.680441] ACPI: bus type USB registered
[    0.681731] usbcore: registered new interface driver usbfs
[    0.683169] usbcore: registered new interface driver hub
[    0.684519] usbcore: registered new device driver usb
[    0.687227] PCI: Using ACPI for IRQ routing
[    0.688773] NetLabel: Initializing
[    0.689802] NetLabel:  domain hash size = 128
[    0.691014] NetLabel:  protocols = UNLABELED CIPSOv4
[    0.692302] NetLabel:  unlabeled traffic allowed by default
[    0.693853] amd_nb: Cannot enumerate AMD northbridges
[    0.695366] clocksource: Switched to clocksource kvm-clock
[    0.704660] AppArmor: AppArmor Filesystem Enabled
[    0.706189] pnp: PnP ACPI init
[    0.708316] pnp: PnP ACPI: found 3 devices
[    0.718265] clocksource: acpi_pm: mask: 0xffffff max_cycles: 0xffffff, max_idle_ns: 2085701024 ns
[    0.721373] NET: Registered protocol family 2
[    0.723169] TCP established hash table entries: 8192 (order: 4, 65536 bytes)
[    0.730457] TCP bind hash table entries: 8192 (order: 5, 131072 bytes)
[    0.733420] TCP: Hash tables configured (established 8192 bind 8192)
[    0.735539] UDP hash table entries: 512 (order: 2, 16384 bytes)
[    0.737040] UDP-Lite hash table entries: 512 (order: 2, 16384 bytes)
[    0.738630] NET: Registered protocol family 1
[    0.739813] pci 0000:00:00.0: Limiting direct PCI/PCI transfers
[    0.741295] pci 0000:00:01.0: Activating ISA DMA hang workarounds
[    0.742971] Unpacking initramfs...
[    0.947195] Freeing initrd memory: 14888K
[    0.948658] clocksource: tsc: mask: 0xffffffffffffffff max_cycles: 0x284462ec54c, max_idle_ns:0795344772 ns
[    1.029395] platform rtc_cmos: registered platform RTC device (no PNP device found)
[    1.031783] Scanning for low memory corruption every 60 seconds
[    1.033620] audit: initializing netlink subsys (disabled)
[    1.034982] audit: type=2000 audit(1635442804.167:1): initialized
[    1.036825] Initialise system trusted keyring
[    1.038176] HugeTLB registered 2 MB page size, pre-allocated 0 pages
[    1.042168] zbud: loaded
[    1.043599] VFS: Disk quotas dquot_6.6.0
[    1.045092] VFS: Dquot-cache hash table entries: 512 (order 0, 4096 bytes)
[    1.047347] squashfs: version 4.0 (2009/01/31) Phillip Lougher
[    1.049854] fuse init (API version 7.23)
[    1.051339] Key type big_key registered
[    1.052468] Allocating IMA MOK and blacklist keyrings.
[    1.054911] Key type asymmetric registered
[    1.056180] Asymmetric key parser 'x509' registered
[    1.057464] Block layer SCSI generic (bsg) driver version 0.4 loaded (major 249)
[    1.059505] io scheduler noop registered
[    1.060587] io scheduler deadline registered (default)
[    1.061927] io scheduler cfq registered
[    1.063146] pci_hotplug: PCI Hot Plug PCI Core version: 0.5
[    1.065362] pciehp: PCI Express Hot Plug Controller Driver version: 0.4
[    1.067351] ACPI: AC Adapter [AC] (on-line)
[    1.068885] input: Power Button as /devices/LNXSYSTM:00/LNXPWRBN:00/input/input0
[    1.071373] ACPI: Power Button [PWRF]
[    1.072599] input: Sleep Button as /devices/LNXSYSTM:00/LNXSLPBN:00/input/input1
[    1.074673] ACPI: Sleep Button [SLPF]
[    1.076422] GHES: HEST is not enabled!
[    1.077637] Serial: 8250/16550 driver, 32 ports, IRQ sharing enabled
[    1.099945] 00:02: ttyS0 at I/O 0x3f8 (irq = 4, base_baud = 115200) is a 16550A
[    1.102861] Linux agpgart interface v0.103
[    1.106117] loop: module loaded
[    1.108406] scsi host0: ata_piix
[    1.109559] scsi host1: ata_piix
[    1.110525] ata1: PATA max UDMA/33 cmd 0x1f0 ctl 0x3f6 bmdma 0xd000 irq 14
[    1.112596] ata2: PATA max UDMA/33 cmd 0x170 ctl 0x376 bmdma 0xd008 irq 15
[    1.114704] libphy: Fixed MDIO Bus: probed
[    1.116235] tun: Universal TUN/TAP device driver, 1.6
[    1.117510] tun: (C) 1999-2004 Max Krasnyansky <maxk@qualcomm.com>
[    1.119040] PPP generic driver version 2.4.2
[    1.120265] ehci_hcd: USB 2.0 'Enhanced' Host Controller (EHCI) Driver
[    1.121853] ehci-pci: EHCI PCI platform driver
[    1.123019] ehci-platform: EHCI generic platform driver
[    1.124384] ohci_hcd: USB 1.1 'Open' Host Controller (OHCI) Driver
[    1.125907] ohci-pci: OHCI PCI platform driver
[    1.127068] ohci-platform: OHCI generic platform driver
[    1.128439] uhci_hcd: USB Universal Host Controller Interface driver
[    1.130182] i8042: PNP: PS/2 Controller [PNP0303:PS2K,PNP0f03:PS2M] at 0x60,0x64 irq 1,12
[    1.133683] serio: i8042 KBD port at 0x60,0x64 irq 1
[    1.136015] serio: i8042 AUX port at 0x60,0x64 irq 12
[    1.137768] mousedev: PS/2 mouse device common for all mice
[    1.140042] input: AT Translated Set 2 keyboard as /devices/platform/i8042/serio0/input/input2
[    1.142438] rtc_cmos rtc_cmos: rtc core: registered rtc_cmos as rtc0
[    1.144617] rtc_cmos rtc_cmos: alarms up to one day, 114 bytes nvram
[    1.146179] i2c /dev entries driver
[    1.147198] device-mapper: uevent: version 1.0.3
[    1.148760] device-mapper: ioctl: 4.34.0-ioctl (2015-10-28) initialised: dm-devel@redhat.com
[    1.151400] ledtrig-cpu: registered to indicate activity on CPUs
[    1.153355] NET: Registered protocol family 10
[    1.154781] NET: Registered protocol family 17
[    1.156596] Key type dns_resolver registered
[    1.157979] registered taskstats version 1
[    1.159587] Loading compiled-in X.509 certificates
[    1.161548] Loaded X.509 cert 'Build time autogenerated kernel key: cf00e047681d67edb2720680708b7d9498083038'
[    1.165017] zswap: loaded using pool lzo/zbud
[    1.168181] Key type trusted registered
[    1.172249] Key type encrypted registered
[    1.173340] AppArmor: AppArmor sha1 policy hashing enabled
[    1.174761] ima: No TPM chip found, activating TPM-bypass!
[    1.176250] ima: Allocated hash algorithm: sha1
[    1.177640] evm: HMAC attrs: 0x1
[    1.179110]   Magic number: 9:67:695
[    1.180818] pci 0000:00:00.0: hash matches
[    1.181995] rtc_cmos rtc_cmos: setting system clock to 2021-10-28 17:39:58 UTC (1635442798)
[    1.184550] BIOS EDD facility v0.16 2004-Jun-25, 0 devices found
[    1.186294] EDD information not available.
[    1.501129] Freeing unused kernel memory: 1492K
[    1.528680] Write protecting the kernel read-only data: 14336k
[    1.530897] Freeing unused kernel memory: 1584K
[    1.532220] Freeing unused kernel memory: 52K
Loading, please wait...
starting version 229
[    1.548499] random: systemd-udevd: uninitialized urandom read (16 bytes read, 3 bits of entropy available)
[    1.548518] random: udevadm: uninitialized urandom read (16 bytes read, 3 bits of entropy available)
[    1.548540] random: udevadm: uninitialized urandom read (16 bytes read, 3 bits of entropy available)
[    1.556605] random: udevadm: uninitialized urandom read (16 bytes read, 3 bits of entropy available)
[    1.556650] random: udevadm: uninitialized urandom read (16 bytes read, 3 bits of entropy available)
[    1.556779] random: udevadm: uninitialized urandom read (16 bytes read, 3 bits of entropy available)
[    1.556831] random: udevadm: uninitialized urandom read (16 bytes read, 3 bits of entropy available)
[    1.556881] random: udevadm: uninitialized urandom read (16 bytes read, 3 bits of entropy available)
[    1.556931] random: udevadm: uninitialized urandom read (16 bytes read, 3 bits of entropy available)
[    1.556981] random: udevadm: uninitialized urandom read (16 bytes read, 3 bits of entropy available)
[    1.614042] Fusion MPT base driver 3.04.20
[    1.637911] Copyright (c) 1999-2008 LSI Corporation
[    1.644740] e1000: Intel(R) PRO/1000 Network Driver - version 7.3.21-k8-NAPI
[    1.647233] e1000: Copyright (c) 1999-2006 Intel Corporation.
[    1.651841] Fusion MPT SPI Host driver 3.04.20
[    1.654877] mptbase: ioc0: Initiating bringup
[    1.669187] AVX2 version of gcm_enc/dec engaged.
[    1.671310] AES CTR mode by8 optimization enabled
[    1.769908] ioc0: LSI53C1030 A0: Capabilities={Initiator}
[    1.978598] input: ImExPS/2 Generic Explorer Mouse as /devices/platform/i8042/serio1/input/input4
[    4.032186] scsi host2: ioc0: LSI53C1030 A0, FwRev=00000000h, Ports=1, MaxQ=256, IRQ=20
[    6.032869] scsi 2:0:0:0: Direct-Access     VBOX     HARDDISK         1.0  PQ: 0 ANSI: 5
[    6.035159] scsi target2:0:0: Beginning Domain Validation
[    6.037978] scsi target2:0:0: Domain Validation skipping write tests
[    6.039817] scsi target2:0:0: Ending Domain Validation
[    6.041183] scsi target2:0:0: asynchronous
[    6.042702] scsi 2:0:1:0: Direct-Access     VBOX     HARDDISK         1.0  PQ: 0 ANSI: 5
[    6.045525] scsi target2:0:1: Beginning Domain Validation
[    6.047684] scsi target2:0:1: Domain Validation skipping write tests
[    6.049290] scsi target2:0:1: Ending Domain Validation
[    6.050755] scsi target2:0:1: asynchronous
[    6.057648] sd 2:0:0:0: Attached scsi generic sg0 type 0
[    6.059221] sd 2:0:0:0: [sda] 83886080 512-byte logical blocks: (42.9 GB/40.0 GiB)
[    6.073353] sd 2:0:1:0: [sdb] 20480 512-byte logical blocks: (10.5 MB/10.0 MiB)
[    6.076560] sd 2:0:0:0: [sda] Write Protect is off
[    6.078804] sd 2:0:1:0: [sdb] Write Protect is off
[    6.080311] sd 2:0:1:0: Attached scsi generic sg1 type 0
[    6.081768] sd 2:0:1:0: [sdb] Incomplete mode parameter data
[    6.083233] sd 2:0:1:0: [sdb] Assuming drive cache: write through
[    6.084894] sd 2:0:0:0: [sda] Incomplete mode parameter data
[    6.086757] sd 2:0:0:0: [sda] Assuming drive cache: write through
[    6.106279]  sda: sda1
[    6.109233] sd 2:0:1:0: [sdb] Attached SCSI disk
[    6.111737] sd 2:0:0:0: [sda] Attached SCSI disk
[    6.453260] e1000 0000:00:03.0 eth0: (PCI:33MHz:32-bit) 02:be:82:6b:cc:1d
[    6.455507] e1000 0000:00:03.0 eth0: Intel(R) PRO/1000 Network Connection
[    6.862536] e1000 0000:00:08.0 eth1: (PCI:33MHz:32-bit) 08:00:27:9e:9a:7f
[    6.865246] e1000 0000:00:08.0 eth1: Intel(R) PRO/1000 Network Connection
[    6.868241] e1000 0000:00:03.0 enp0s3: renamed from eth0
[    6.879925] e1000 0000:00:08.0 enp0s8: renamed from eth1
Begin: Loading essential drivers ... [    8.205308] md: linear personality registered for level -1
[    8.209171] md: multipath personality registered for level -4
[    8.212828] md: raid0 personality registered for level 0
[    8.217866] md: raid1 personality registered for level 1
[    8.291543] raid6: sse2x1   gen() 10508 MB/s
[    8.359506] raid6: sse2x1   xor()  7442 MB/s
[    8.427954] raid6: sse2x2   gen() 12615 MB/s
[    8.495953] raid6: sse2x2   xor()  8546 MB/s
[    8.563633] raid6: sse2x4   gen() 15192 MB/s
[    8.631477] raid6: sse2x4   xor() 10246 MB/s
[    8.699948] raid6: avx2x1   gen() 19564 MB/s
[    8.767485] raid6: avx2x2   gen() 23133 MB/s
[    8.835589] raid6: avx2x4   gen() 25034 MB/s
[    8.837117] raid6: using algorithm avx2x4 gen() 25034 MB/s
[    8.838742] raid6: using avx2x2 recovery algorithm
[    8.842081] xor: automatically using best checksumming function:
[    8.883480]    avx       : 27936.000 MB/sec
[    8.886084] async_tx: api initialized (async)
[    8.897231] md: raid6 personality registered for level 6
[    8.899158] md: raid5 personality registered for level 5
[    8.900678] md: raid4 personality registered for level 4
[    8.909123] md: raid10 personality registered for level 10
done.
Begin: Running /scripts/init-premount ... done.
Begin: Mounting root file system ... Begin: Running /scripts/local-top ... done.
Begin: Running /scripts/local-premount ... [    8.943147] Btrfs loaded
Scanning for Btrfs filesystems
done.
Warning: fsck not present, so skipping root file system
[    9.013100] EXT4-fs (sda1): mounted filesystem with ordered data mode. Opts: (null)
done.
Begin: Running /scripts/local-bottom ... done.
Begin: Running /scripts/init-bottom ... done.
[    9.707163] systemd[1]: systemd 229 running in system mode. (+PAM +AUDIT +SELINUX +IMA +APPARMOR +SMACK +SYSVINIT +UTMP +LIBCRYPTSETUP +GCRYPT +GNUTLS +ACL +XZ -LZ4 +SECCOMP +BLKID +ELFUTILS +KMOD -IDN)
[    9.711603] systemd[1]: Detected virtualization oracle.
[    9.712902] systemd[1]: Detected architecture x86-64.

Welcome to [1mUbuntu 16.04.7 LTS[0m!

[    9.772439] systemd[1]: Set hostname to <jenkinsServer>.
[   10.033246] random: nonblocking pool is initialized
[   10.718838] systemd[1]: Listening on Device-mapper event daemon FIFOs.
[[0;32m  OK  [0m] Listening on Device-mapper event daemon FIFOs.
[   10.722067] systemd[1]: Reached target User and Group Name Lookups.
[[0;32m  OK  [0m] Reached target User and Group Name Lookups.
[   10.725087] systemd[1]: Set up automount Arbitrary Executable File Formats File System Automount Point.
[[0;32m  OK  [0m] Set up automount Arbitrary Executab...ats File System Automount Point.
[   10.729170] systemd[1]: Listening on udev Kernel Socket.
[[0;32m  OK  [0m] Listening on udev Kernel Socket.
[   10.731714] systemd[1]: Listening on Syslog Socket.
[[0;32m  OK  [0m] Listening on Syslog Socket.
[   10.733883] systemd[1]: Started Trigger resolvconf update for networkd DNS.
[[0;32m  OK  [0m] Started Trigger resolvconf update for networkd DNS.
[   10.737053] systemd[1]: Listening on LVM2 metadata daemon socket.
[[0;32m  OK  [0m] Listening on LVM2 metadata daemon socket.
[   10.740837] systemd[1]: Created slice System Slice.
[[0;32m  OK  [0m] Created slice System Slice.
[   10.743331] systemd[1]: Listening on Journal Socket.
[[0;32m  OK  [0m] Listening on Journal Socket.
[   10.783668] systemd[1]: Starting Nameserver information manager...
         Starting Nameserver information manager...
[   10.788051] systemd[1]: Starting Set console keymap...
         Starting Set console keymap...
[   10.796421] systemd[1]: Starting Create list of required static device nodes for the current kernel...
         Starting Create list of required st... nodes for the current kernel...
[   10.801815] systemd[1]: Starting Uncomplicated firewall...
         Starting Uncomplicated firewall...
[   10.806579] systemd[1]: Mounting POSIX Message Queue File System...
         Mounting POSIX Message Queue File System...
[   10.809966] systemd[1]: Created slice system-serial\x2dgetty.slice.
[[0;32m  OK  [0m] Created slice system-serial\x2dgetty.slice.
[   10.814407] systemd[1]: Mounting Debug File System...
         Mounting Debug File System...
[   10.817216] systemd[1]: Listening on LVM2 poll daemon socket.
[[0;32m  OK  [0m] Listening on LVM2 poll daemon socket.
[   10.820726] systemd[1]: Reached target System Time Synchronized.
[[0;32m  OK  [0m] Reached target System Time Synchronized.
[   10.828129] systemd[1]: Started Forward Password Requests to Wall Directory Watch.
[[0;32m  OK  [0m] Started Forward Password Requests to Wall Directory Watch.
[   10.832183] systemd[1]: Listening on Journal Socket (/dev/log).
[[0;32m  OK  [0m] Listening on Journal Socket (/dev/log).
[   10.841078] systemd[1]: Starting Monitoring of LVM2 mirrors, snapshots etc. using dmeventd or progress polling...
         Starting Monitoring of LVM2 mirrors... dmeventd or progress polling...
[   10.846851] systemd[1]: Mounting Huge Pages File System...
         Mounting Huge Pages File System...
[   10.850051] systemd[1]: Created slice User and Session Slice.
[[0;32m  OK  [0m] Created slice User and Session Slice.
[   10.852690] systemd[1]: Reached target Slices.
[[0;32m  OK  [0m] Reached target Slices.
[   10.854960] systemd[1]: Reached target Swap.
[[0;32m  OK  [0m] Reached target Swap.
[   10.868264] systemd[1]: Listening on Journal Audit Socket.
[[0;32m  OK  [0m] Listening on Journal Audit Socket.
[   10.871312] systemd[1]: Listening on fsck to fsckd communication Socket.
[[0;32m  OK  [0m] Listening on fsck to fsckd communication Socket.
[   10.879676] systemd[1]: Listening on /dev/initctl Compatibility Named Pipe.
[[0;32m  OK  [0m] Listening on /dev/initctl Compatibility Named Pipe.
[   10.899616] systemd[1]: Starting Journal Service...
         Starting Journal Service...
[   10.903092] systemd[1]: Starting File System Check on Root Device...
         Starting File System Check on Root Device...
[   10.906521] systemd[1]: Listening on udev Control Socket.
[[0;32m  OK  [0m] Listening on udev Control Socket.
[   10.991643] systemd[1]: Starting Load Kernel Modules...
         Starting Load Kernel Modules...
[   10.994193] systemd[1]: Reached target Encrypted Volumes.
[[0;32m  OK  [0m] Reached target Encrypted Volumes.
[   10.998611] systemd[1]: Mounted Huge Pages File System.
[[0;32m  OK  [0m] Mounted Huge Pages File System.
[   11.007607] systemd[1]: Mounted POSIX Message Queue File System.
[[0;32m  OK  [0m] Mounted POSIX Message Queue File System.
[ 11.013261] systemd[1]: Mounted Debug File System.
[[0;32m  OK  [0m] Mounted Debug File System.
[   11.032455] systemd[1]: Started Create list of required static device nodes for the current kernel.
[[0;32m  OK  [0m] Started Create list of required sta...ce nodes for the current kernel.
[   11.038629] systemd[1]: Started Uncomplicated firewall.
[[0;32m  OK  [0m] Started Uncomplicated firewall.
[   11.042958] systemd[1]: Started File System Check Daemon to report status.
[[0;32m  OK  [0m] Started File System Check Daemon to report status.
[   11.047454] systemd[1]: Starting Create Static Device Nodes in /dev...
         Starting Create Static Device Nodes in /dev...
[   11.116040] systemd[1]: Started Nameserver information manager.
[[0;32m  OK  [0m] Started Nameserver information manager.
[   11.270190] systemd[1]: Started Set console keymap.
[[0;32m  OK  [0m] Started Set console keymap.
[   11.298172] Loading iSCSI transport class v2.0-870.
[   11.352035] systemd[1]: Started Journal Service.
[[0;32m  OK  [0m] Started Journal Service.
[   11.388659] iscsi: registered transport (tcp)
[[0;32m  OK  [0m] Started LVM2 metadata daemon.
[[0;32m  OK  [0m] Started File System Check on Root Device.
         Starting Remount Root and Kernel File Systems...
[   11.473678] EXT4-fs (sda1): re-mounted. Opts: (null)
[[0;32m  OK  [0m] Started Remount Root and Kernel File Systems.
         Starting Load/Save Random Seed...
         Starting Flush Journal to Persistent Storage...
         Starting udev Coldplug all Devices...
[[0;32m  OK  [0m] Started Load/Save Random Seed.
[   11.599862] systemd-journald[389]: Received request to flush runtime journal from PID 1
[[0;32m  OK  [0m] Started Flush Journal to Persistent Storage.
[   11.697139] iscsi: registered transport (iser)
[[0;32m  OK  [0m] Started Load Kernel Modules.
         Mounting FUSE Control File System...
         Starting Apply Kernel Variables...
[[0;32m  OK  [0m] Mounted FUSE Control File System.
[[0;32m  OK  [0m] Started udev Coldplug all Devices.
[[0;32m  OK  [0m] Started Monitoring of LVM2 mirrors,...ng dmeventd or progress polling.
[[0;32m  OK  [0m] Started Create Static Device Nodes in /dev.
[[0;32m  OK  [0m] Reached target Local File Systems (Pre).
[[0;32m  OK  [0m] Reached target Local File Systems.
         Starting LSB: AppArmor initialization...
         Starting Initial cloud-init job (pre-networking)...
         Starting Set console font and keymap...
         Starting Create Volatile Files and Directories...
         Starting Tell Plymouth To Write Out Runtime Data...
         Starting udev Kernel Device Manager...
[[0;32m  OK  [0m] Started Apply Kernel Variables.
[[0;32m  OK  [0m] Started Tell Plymouth To Write Out Runtime Data.
[[0;32m  OK  [0m] Started Create Volatile Files and Directories.
         Starting Update UTMP about System Boot/Shutdown...
[[0;32m  OK  [0m] Started Update UTMP about System Boot/Shutdown.
[[0;32m  OK  [0m] Started Set console font and keymap.
[[0;32m  OK  [0m] Created slice system-getty.slice.
[[0;32m  OK  [0m] Started udev Kernel Device Manager.
[[0;32m  OK  [0m] Started Dispatch Password Requests to Console Directory Watch.
[[0;32m  OK  [0m] Found device /dev/ttyS0.
[[0;32m  OK  [0m] Listening on Load/Save RF Kill Switch Status /dev/rfkill Watch.
[[0;32m  OK  [0m] Found device 82540EM Gigabit Ethern...r (PRO/1000 MT Desktop Adapter).
[[0;32m  OK  [0m] Found device 82540EM Gigabit Ethern...r (PRO/1000 MT Desktop Adapter).
[[0;32m  OK  [0m] Started LSB: AppArmor initialization.
         Starting Load AppArmor profiles managed internally by snapd...
[[0;32m  OK  [0m] Started Load AppArmor profiles managed internally by snapd.
[   17.348025] cloud-init[472]: Cloud-init v. 21.1-19-gbad84ad4-0ubuntu1~16.04.2 running 'init-local' at Thu, 28 Oct 2021 17:40:14 +0000. Up 16.63 seconds.
[[0;32m  OK  [0m] Started Initial cloud-init job (pre-networking).
[[0;32m  OK  [0m] Reached target Network (Pre).
[[0;32m  OK  [0m] Started ifup for enp0s3.
[[0;32m  OK  [0m] Started ifup for enp0s8.
         Starting Raise network interfaces...
[[0;32m  OK  [0m] Started Raise network interfaces.
[[0;32m  OK  [0m] Reached target Network.
         Starting Initial cloud-init job (metadata service crawler)...
[   19.179570] cloud-init[1115]: Cloud-init v. 21.1-19-gbad84ad4-0ubuntu1~16.04.2 running 'init' at Thu, 28 Oct 2021 17:40:16 +0000. Up 18.75 seconds.
[   19.181977] cloud-init[1115]: ci-info: ++++++++++++++++++++++++++++++++++++++Net device info+++++++++++++++++++++++++++++++++++++++
[   19.188654] cloud-init[1115]: ci-info: +--------+------+-----------------------------+---------------+--------+-------------------+
[   19.196415] cloud-init[1115]: ci-info: | Device |  Up  |           Address           |      Mask     | Scope  |     Hw-Address    |
[   19.204483] cloud-init[1115]: ci-info: +--------+------+-----------------------------+---------------+--------+-------------------+
[   19.206234] cloud-init[1115]: ci-info: | enp0s3 | True |          10.0.2.15          | 255.255.255.0 | global | 02:be:82:6b:cc:1d |
[   19.208829] cloud-init[1115]: ci-info: | enp0s3 | True |  fe80::be:82ff:fe6b:cc1d/64 |       .       |  link  | 02:be:82:6b:cc:1d |
[   19.216706] cloud-init[1115]: ci-info: | enp0s8 | True |       192.168.100.104       | 255.255.255.0 | global | 08:00:27:9e:9a:7f |
[[0;32m  OK  [0m] Started Initial cloud-init job (metadata service crawler).
[[0;32m  OK  [0m] Reached target System Initialization.
[   19.222298] cloud-init[1115]: ci-info: | enp0s8 | True | fe80::a00:27ff:fe9e:9a7f/64 |       .       |  link  | 08:00:27:9e:9a:7f |
[   19.232555] cloud-init[1115]: ci-info: |   lo   | True |          127.0.0.1          |   255.0.0.0   |  host  |         .         |
[   19.234883] cloud-init[1115]: ci-info: |   lo   | True |           ::1/128           |       .       |  host  |         .         |
[   19.237378] cloud-init[1115]: ci-info: +--------+------+-----------------------------+---------------+--------+-------------------+
[   19.239495] cloud-init[1115]: ci-info: ++++++++++++++++++++++++++++Route IPv4 info+++++++++++++++++++++++++++++
[   19.241567] cloud-init[1115]: ci-info: +-------+---------------+----------+---------------+-----------+-------+
[   19.243720] cloud-init[1115]: ci-info: | Route |  Destination  | Gateway  |    Genmask    | Interface | Flags |
[   19.245901] cloud-init[1115]: ci-info: +-------+---------------+----------+---------------+-----------+-------+
[   19.249127] cloud-init[1115]: ci-info: |   0   |    0.0.0.0    | 10.0.2.2 |    0.0.0.0    |   enp0s3  |   UG  |
[   19.250716] cloud-init[1115]: ci-info: |   1   |    10.0.2.0   | 0.0.0.0  | 255.255.255.0 |   enp0s3  |   U   |
[   19.253145] cloud-init[1115]: ci-info: |   2   | 192.168.100.0 | 0.0.0.0  | 255.255.255.0 |   enp0s8  |   U   |
[   19.255325] cloud-init[1115]: ci-info: +-------+---------------+----------+---------------+-----------+-------+
[   19.257476] cloud-init[1115]: ci-info: +++++++++++++++++++Route IPv6 info+++++++++++++++++++
[   19.259691] cloud-init[1115]: ci-info: +-------+-------------+---------+-----------+-------+
[   19.261738] cloud-init[1115]: ci-info: | Route | Destination | Gateway | Interface | Flags |
[   19.263625] cloud-init[1115]: ci-info: +-------+-------------+---------+-----------+-------+
[   19.265501] cloud-init[1115]: ci-info: |   0   |  fe80::/64  |    ::   |   enp0s8  |   U   |
[   19.267353] cloud-init[1115]: ci-info: |   1   |  fe80::/64  |    ::   |   enp0s3  |   U   |
[   19.269236] [[0;32m  OK  [0m] Started Ubuntu Advantage update messaging.
[[0;32m  OK  [0m] Listening on UUID daemon activation socket.
[[0;32m  OK  [0mcloud-init[1115]: ci-info: |   4   |   ff00::/8  |    ::   |   enp0s8  |   U   |
[   19.272425] cloud-init[1115]: ci-info: |   5   |   ff00::/8  |    ::   |   enp0s3  |   U   |
[   19.274157] cloud-init[1115]: ci-info: +-------+-------------+---------+-----------+-------+
] Started Daily Cleanup of Temporary Directories.
[[0;32m  OK  [0m] Started Message of the Day.
[[0;32m  OK  [0m] Listening on D-Bus System Message Bus Socket.
[[0;32m  OK  [0m] Started Daily apt download activities.
[[0;32m  OK  [0m] Started Daily apt upgrade and clean activities.
[[0;32m  OK  [0m] Reached target Timers.
         Starting Socket activation for snappy daemon.
         Starting LXD - unix socket.
[[0;32m  OK  [0m] Started ACPI Events Check.
[[0;32m  OK  [0m] Reached target Paths.
[[0;32m  OK  [0m] Listening on ACPID Listen Socket.
[[0;32m  OK  [0m] Reached target Network is Online.
         Starting iSCSI initiator daemon (iscsid)...
[[0;32m  OK  [0m] Reached target Cloud-config availability.
[[0;32m  OK  [0m] Listening on Socket activation for snappy daemon.
[[0;32m  OK  [0m] Listening on LXD - unix socket.
[[0;32m  OK  [0m] Reached target Sockets.
[[0;32m  OK  [0m] Reached target Basic System.
         Starting System Logging Service...
[[0;32m  OK  [0m] Started ACPI event daemon.
[[0;32m  OK  [0m] Started Regular background program processing daemon.
         Starting Virtualbox guest utils...
         Starting Accounts Service...
[[0;32m  OK  [0m] Started FUSE filesystem for LXC.
         Starting LSB: Record successful boot for GRUB...
         Starting LSB: MD monitoring daemon...
         Starting LXD - container startup/shutdown...
         Starting Snap Daemon...
[[0;32m  OK  [0m] Started Deferred execution scheduler.
[[0;32m  OK  [0m] Started D-Bus System Message Bus.
         Starting OpenBSD Secure Shell server...
         Starting Login Service...
         Starting /etc/rc.local Compatibility...
[[0;32m  OK  [0m] Started System Logging Service.
[[0;32m  OK  [0m] Started /etc/rc.local Compatibility.
         Starting Authenticate and Authorize Users to Run Privileged Tasks...
[[0;32m  OK  [0m] Started iSCSI initiator daemon (iscsid).
         Starting Login to default iSCSI targets...
[[0;32m  OK  [0m] Started Login Service.
[[0;32m  OK  [0m] Started Unattended Upgrades Shutdown.
[[0;32m  OK  [0m] Started LSB: Record successful boot for GRUB.
[[0;32m  OK  [0m] Started LSB: MD monitoring daemon.
[[0;32m  OK  [0m] Started Login to default iSCSI targets.
[[0;32m  OK  [0m] Reached target Remote File Systems (Pre).
         Mounting /vagrant...
[[0;32m  OK  [0m] Started Authenticate and Authorize Users to Run Privileged Tasks.
[[0;32m  OK  [0m] Mounted /vagrant.
[[0;32m  OK  [0m] Started Accounts Service.
[[0;32m  OK  [0m] Reached target Remote File Systems.
         Starting LSB: Set the CPU Frequency Scaling governor to "ondemand"...
         Starting LSB: automatic crash report generation...
         Starting LSB: Start Jenkins at boot time...
         Starting LSB: daemon to balance interrupts for SMP systems...
         Starting Permit User Sessions...
[[0;32m  OK  [0m] Started LSB: Set the CPU Frequency Scaling governor to "ondemand".
[[0;32m  OK  [0m] Started Virtualbox guest utils.
[[0;32m  OK  [0m] Started Permit User Sessions.
         Starting Hold until boot process finishes up...
         Starting Terminate Plymouth Boot Screen...
[[0;32m  OK  [0m] Started Hold until boot process finishes up.
[[0;32m  OK  [0m] Started Getty on tty1.
[[0;32m  OK  [0m] Started Serial Getty on ttyS0.
[[0;32m  OK  [0m] Reached target Login Prompts.
         Starting Set console scheme...
[[0;32m  OK  [0m] Started Terminate Plymouth Boot Screen.
[[0;32m  OK  [0m] Started Set console scheme.
[[0;32m  OK  [0m] Started LSB: daemon to balance interrupts for SMP systems.
[[0;32m  OK  [0m] Started LSB: automatic crash report generation.
[[0;32m  OK  [0m] Started OpenBSD Secure Shell server.
[[0;32m  OK  [0m] Started LXD - container startup/shutdown.
[[0;32m  OK  [0m] Started Snap Daemon.
         Starting Wait until snapd is fully seeded...
[[0;32m  OK  [0m] Started Wait until snapd is fully seeded.
         Starting Apply the settings specified in cloud-config...
[   26.534115] cloud-init[1378]: Cloud-init v. 21.1-19-gbad84ad4-0ubuntu1~16.04.2 running 'modules:config' at Thu, 28 Oct 2021 17:40:23 +0000. Up 25.94 seconds.
[[0;32m  OK  [0m] Started Apply the settings specified in cloud-config.
[[0;32m  OK  [0m] Created slice User Slice of vagrant.
         Starting User Manager for UID 1000...
[[0;32m  OK  [0m] Started Session 1 of user vagrant.
[[0;32m  OK  [0m] Started User Manager for UID 1000.

Ubuntu 16.04.7 LTS jenkinsServer ttyS0

jenkinsServer login: [   30.095197] cloud-init[1558]: Cloud-init v. 21.1-19-gbad84ad4-0ubuntu1~16.04.2 running 'modules:final' at Thu, 28 Oct 2021 17:40:27 +0000. Up 29.79 seconds.
[   30.095392] cloud-init[1558]: Cloud-init v. 21.1-19-gbad84ad4-0ubuntu1~16.04.2 finished at Thu, 28 Oct 2021 17:40:27 +0000. Datasource DataSourceNoCloud [seed=/dev/sdb][dsmode=net].  Up 30.09 seconds
